SF:lib/src/utils/utils_simulation.dart
DA:14,1
DA:16,1
DA:18,1
DA:20,1
DA:22,1
DA:24,1
DA:26,1
DA:34,6
DA:36,4
DA:38,2
DA:45,2
DA:46,4
DA:51,2
DA:52,4
DA:54,2
DA:56,1
DA:58,1
DA:60,1
DA:62,1
DA:68,1
DA:69,1
DA:75,1
DA:76,1
DA:78,1
DA:82,1
DA:87,1
DA:91,1
DA:92,1
LF:28
LH:28
end_of_record
SF:lib/src/network/network_model.dart
DA:20,1
DA:27,1
DA:28,2
DA:29,3
DA:30,6
DA:32,4
DA:37,2
DA:40,1
DA:41,3
DA:81,1
DA:96,1
DA:97,1
DA:98,1
DA:99,1
DA:100,1
DA:101,1
DA:102,1
DA:103,1
DA:104,1
DA:105,1
DA:106,1
DA:107,1
DA:108,1
DA:113,2
DA:114,1
DA:115,1
DA:116,1
DA:117,1
DA:118,1
DA:119,1
DA:120,1
DA:121,1
DA:122,1
DA:123,1
DA:124,1
DA:128,1
DA:130,12
DA:134,1
DA:135,1
DA:136,1
DA:137,1
DA:138,1
DA:139,1
DA:140,1
DA:141,1
DA:142,1
DA:143,1
DA:144,1
DA:145,1
DA:146,1
LF:50
LH:50
end_of_record
SF:lib/src/network/network_dio.dart
DA:29,1
DA:31,2
DA:41,2
DA:44,1
DA:47,2
DA:48,1
DA:60,3
DA:65,4
DA:68,2
DA:70,2
DA:71,1
DA:74,2
DA:77,1
DA:78,2
DA:79,1
DA:80,1
DA:81,2
DA:82,1
DA:85,1
DA:88,2
DA:91,1
DA:93,2
DA:96,1
DA:103,1
DA:104,2
DA:107,1
DA:108,2
DA:109,2
DA:117,1
DA:122,1
DA:125,1
DA:126,2
DA:127,1
DA:128,2
LF:34
LH:34
end_of_record
SF:lib/src/utils/utils_network.dart
DA:46,1
DA:51,4
DA:52,1
DA:53,2
DA:54,1
DA:62,1
DA:70,1
DA:76,2
DA:78,3
DA:79,3
DA:80,3
DA:82,2
DA:83,1
DA:92,1
DA:100,1
DA:105,2
DA:107,3
DA:108,3
DA:109,3
DA:111,2
DA:112,1
DA:121,1
DA:124,1
DA:127,1
DA:128,1
DA:139,1
DA:144,1
DA:147,1
DA:148,1
DA:192,1
LF:30
LH:30
end_of_record
SF:lib/src/pages/pages_floating_logger.dart
DA:9,1
DA:22,1
DA:24,1
DA:25,2
DA:26,1
DA:27,2
DA:32,1
DA:33,1
DA:34,3
DA:35,1
DA:37,1
DA:43,1
DA:46,1
DA:53,1
DA:56,1
DA:59,1
DA:68,1
DA:69,1
DA:70,2
DA:73,1
DA:74,2
DA:80,1
DA:81,1
DA:83,1
DA:84,1
DA:86,2
LF:26
LH:26
end_of_record
SF:lib/src/utils/utils_logs.dart
DA:10,1
DA:11,2
DA:12,3
DA:13,3
DA:14,1
DA:20,1
DA:21,3
DA:22,1
DA:23,2
DA:25,3
DA:33,1
DA:34,3
DA:35,3
DA:36,3
DA:37,1
DA:43,1
DA:44,1
DA:45,2
DA:46,2
DA:48,1
DA:50,2
DA:51,2
DA:55,1
DA:56,1
DA:57,2
DA:58,3
DA:60,2
DA:62,3
DA:63,2
DA:64,2
DA:65,3
DA:74,1
DA:75,2
DA:76,1
DA:77,3
DA:79,1
DA:80,3
DA:85,1
DA:87,1
DA:88,1
DA:89,1
DA:90,1
DA:93,1
DA:99,1
DA:100,2
DA:101,3
DA:102,3
DA:109,1
DA:110,1
DA:111,3
DA:112,2
DA:113,1
DA:122,1
DA:131,1
DA:132,1
DA:133,1
DA:134,1
DA:135,1
DA:136,1
DA:137,1
DA:140,1
DA:143,1
DA:144,1
DA:145,1
DA:146,1
DA:147,1
DA:151,1
DA:157,1
DA:158,1
DA:159,1
DA:161,1
DA:166,1
DA:167,1
DA:169,1
DA:170,1
LF:75
LH:75
end_of_record
SF:lib/src/utils/utils_style.dart
DA:4,1
LF:1
LH:1
end_of_record
SF:lib/src/utils/utils_format.dart
DA:14,1
DA:15,1
DA:18,3
DA:21,3
DA:22,2
DA:23,2
DA:28,4
DA:31,3
DA:35,2
DA:36,2
DA:38,2
DA:42,1
DA:45,2
DA:48,1
DA:58,1
DA:61,2
DA:62,1
DA:63,1
DA:65,1
DA:66,1
DA:69,1
DA:72,1
LF:22
LH:22
end_of_record
SF:lib/src/widgets/floating_logger_item.dart
DA:9,1
DA:25,1
DA:26,1
DA:35,1
DA:37,1
DA:40,1
DA:42,2
DA:43,1
DA:46,1
DA:49,2
DA:50,2
DA:52,1
DA:53,1
DA:54,1
DA:55,1
DA:56,2
DA:57,1
DA:58,2
DA:60,1
DA:62,1
DA:69,1
DA:70,4
DA:71,1
DA:76,7
DA:77,1
DA:87,1
DA:88,1
DA:89,1
DA:90,1
DA:92,1
DA:94,1
DA:95,1
DA:97,1
DA:105,1
DA:106,1
DA:114,1
DA:116,1
DA:120,1
DA:126,1
DA:127,1
DA:129,1
DA:130,4
DA:131,1
DA:137,1
DA:138,1
DA:139,1
DA:140,1
DA:141,1
DA:142,1
DA:145,1
DA:153,1
DA:154,1
DA:156,1
DA:157,1
DA:159,1
DA:161,1
DA:162,1
DA:163,1
DA:164,3
DA:165,1
DA:168,1
DA:172,1
DA:181,1
DA:182,1
DA:184,1
DA:185,1
DA:186,1
DA:189,1
DA:190,4
DA:191,4
DA:195,5
DA:201,1
DA:202,1
DA:203,1
DA:205,1
DA:207,4
DA:212,1
DA:213,1
DA:215,1
DA:217,3
DA:222,1
DA:223,1
DA:225,1
DA:227,1
DA:229,3
DA:234,1
DA:238,1
DA:239,1
DA:241,1
DA:243,1
DA:248,1
DA:250,1
DA:254,1
DA:266,1
DA:267,3
DA:268,3
DA:269,3
DA:270,3
DA:271,3
DA:272,1
DA:273,1
DA:274,1
DA:276,1
DA:282,1
DA:284,1
DA:286,1
DA:288,1
DA:294,1
DA:298,4
DA:300,1
DA:302,4
DA:303,3
DA:304,3
DA:307,1
DA:311,1
DA:316,1
DA:320,1
DA:322,1
DA:323,1
DA:324,1
DA:325,1
DA:327,1
DA:329,1
DA:331,1
DA:332,1
DA:334,1
DA:335,1
DA:337,1
DA:342,1
DA:343,1
DA:344,4
DA:345,1
DA:346,1
DA:347,1
DA:348,1
DA:352,1
DA:359,1
DA:361,1
DA:374,1
DA:377,3
DA:378,1
DA:380,1
DA:382,1
DA:383,1
DA:385,3
DA:387,3
DA:389,1
DA:394,1
DA:395,3
DA:396,1
DA:397,1
DA:398,1
DA:399,1
DA:401,1
DA:407,1
DA:408,3
DA:409,1
DA:411,1
DA:412,1
DA:413,1
DA:415,1
DA:417,1
DA:419,1
DA:427,1
DA:428,4
DA:429,3
DA:431,4
DA:432,3
LF:168
LH:168
end_of_record
SF:lib/src/widgets/floating_logger_show_modal.dart
DA:6,1
DA:20,1
DA:22,1
DA:32,1
DA:33,3
DA:34,3
DA:35,5
DA:36,4
DA:40,1
DA:41,2
DA:44,1
DA:45,1
DA:46,2
DA:47,1
DA:48,2
DA:49,2
DA:51,2
DA:55,1
DA:57,2
DA:58,2
DA:59,2
DA:60,1
DA:63,1
DA:65,1
DA:66,1
DA:67,1
DA:69,1
DA:70,3
DA:71,4
DA:72,1
DA:73,1
DA:74,1
DA:75,1
DA:76,1
DA:77,1
DA:78,1
DA:79,3
DA:80,1
DA:82,2
DA:83,2
DA:85,2
DA:88,2
DA:89,2
DA:90,1
DA:92,1
DA:93,1
DA:94,1
DA:95,2
DA:96,1
DA:97,1
DA:98,1
DA:100,1
DA:101,1
DA:103,1
DA:104,1
DA:108,1
DA:109,1
DA:111,1
DA:112,1
DA:114,1
DA:116,1
DA:119,1
DA:121,2
DA:137,1
DA:141,4
DA:142,1
DA:143,1
DA:144,1
DA:146,1
DA:148,1
DA:149,1
DA:151,1
DA:152,1
DA:153,1
DA:155,1
DA:156,1
DA:157,1
DA:161,2
DA:163,1
DA:164,1
DA:165,1
DA:166,1
DA:167,1
DA:168,1
DA:169,1
DA:170,1
DA:171,1
DA:173,1
DA:175,1
DA:178,1
DA:179,1
DA:180,1
DA:181,2
DA:182,1
DA:184,1
DA:185,1
DA:187,1
DA:195,1
DA:196,1
DA:197,1
DA:198,1
DA:199,1
DA:203,1
DA:205,1
DA:207,1
DA:211,1
DA:212,1
DA:214,1
DA:215,1
DA:217,1
DA:223,1
DA:224,1
DA:225,1
DA:242,1
DA:243,1
DA:244,3
DA:245,1
DA:254,1
DA:255,1
DA:256,1
DA:257,1
DA:258,1
DA:259,1
DA:260,2
DA:261,1
DA:262,1
DA:263,1
DA:264,1
DA:265,1
DA:268,1
DA:269,1
DA:270,2
DA:271,1
DA:273,1
DA:278,1
DA:280,1
DA:281,1
DA:282,1
DA:283,1
DA:285,1
DA:286,1
DA:287,1
DA:289,1
DA:291,1
DA:292,1
DA:294,1
DA:304,1
DA:307,2
DA:309,1
DA:310,1
DA:311,3
DA:312,3
DA:314,1
DA:315,1
DA:316,1
DA:317,2
DA:318,1
DA:319,1
DA:321,3
DA:322,1
DA:323,2
DA:324,1
DA:325,2
DA:333,1
DA:340,1
DA:341,1
DA:342,2
DA:343,1
DA:345,1
DA:356,1
DA:357,1
DA:358,1
DA:361,1
DA:362,1
DA:363,1
DA:369,1
DA:370,1
DA:371,2
DA:372,1
DA:373,1
DA:374,2
DA:375,1
DA:378,1
DA:379,1
DA:381,1
DA:385,1
DA:386,1
DA:390,1
DA:391,1
DA:392,1
DA:393,1
DA:395,1
DA:399,2
DA:401,1
DA:402,1
DA:403,1
DA:418,1
DA:420,1
DA:422,1
DA:424,1
DA:426,1
DA:428,1
DA:430,1
DA:435,1
DA:436,1
DA:437,1
DA:438,2
DA:439,1
DA:441,1
DA:443,1
DA:445,2
DA:446,1
DA:447,2
DA:448,1
DA:449,1
DA:450,1
DA:453,1
DA:454,2
DA:455,1
DA:458,1
DA:464,1
DA:465,1
DA:467,1
DA:468,1
DA:469,3
DA:470,2
DA:472,1
DA:474,1
DA:475,1
DA:479,1
DA:493,1
LF:231
LH:231
end_of_record
SF:lib/src/widgets/floating_logger_toast.dart
DA:13,3
DA:16,1
DA:23,1
DA:27,1
DA:34,1
DA:38,1
DA:46,1
DA:47,1
DA:58,1
DA:59,2
DA:63,1
DA:71,1
DA:72,1
DA:73,1
DA:74,1
DA:78,1
DA:79,1
DA:81,2
DA:87,1
DA:88,1
DA:89,1
DA:90,1
DA:91,1
DA:93,1
DA:95,1
DA:97,1
DA:99,1
DA:101,1
DA:104,1
DA:106,1
DA:107,1
DA:110,1
DA:111,1
DA:112,1
DA:116,1
DA:120,1
DA:123,1
DA:124,1
DA:125,1
DA:126,1
DA:127,1
DA:129,1
DA:149,1
DA:152,2
DA:153,1
DA:154,1
DA:155,2
DA:156,1
DA:163,1
DA:165,1
DA:167,1
LF:51
LH:51
end_of_record
SF:lib/src/widgets/floating_logger_widget.dart
DA:8,1
DA:43,1
DA:44,1
DA:55,1
DA:58,2
DA:60,4
DA:62,1
DA:65,1
DA:66,2
DA:67,1
DA:68,2
DA:73,1
DA:74,2
DA:75,1
DA:76,2
DA:82,1
DA:84,1
DA:86,5
DA:87,1
DA:90,1
DA:93,1
DA:96,1
DA:98,4
DA:99,2
DA:100,1
DA:101,1
DA:102,2
DA:104,1
DA:105,5
DA:106,5
DA:107,1
DA:108,3
DA:110,1
DA:111,2
DA:112,3
DA:113,4
DA:114,2
DA:116,3
DA:117,4
DA:118,2
DA:121,2
DA:122,3
DA:123,3
DA:127,3
DA:136,1
DA:139,1
DA:140,3
DA:141,3
DA:142,1
DA:144,2
DA:145,1
DA:147,1
DA:148,1
DA:149,1
DA:154,1
DA:160,1
DA:161,1
DA:163,1
DA:164,1
DA:165,1
DA:166,2
DA:167,2
LF:62
LH:62
end_of_record
